2025-10-01 21:54:59,557 - INFO - Bot initialized. Testnet=True
2025-10-01 21:55:18,358 - ERROR - Binance API Exception: APIError(code=-2015): Invalid API-key, IP, or permissions for action
2025-10-01 22:11:34,165 - ERROR - Binance API Exception: APIError(code=-2015): Invalid API-key, IP, or permissions for action
2025-10-01 22:32:37,736 - ERROR - Binance API Exception: APIError(code=-2015): Invalid API-key, IP, or permissions for action
2025-10-01 22:33:17,199 - INFO - Bot initialized. Testnet=True
2025-10-01 22:33:44,079 - ERROR - Binance API Exception: APIError(code=-2015): Invalid API-key, IP, or permissions for action
2025-10-01 22:37:27,617 - INFO - Bot initialized. Testnet=True
2025-10-01 22:37:43,902 - ERROR - Binance API Exception: APIError(code=-2015): Invalid API-key, IP, or permissions for action
2025-10-01 22:40:42,924 - INFO - Bot initialized. Testnet=True
2025-10-01 22:41:05,463 - ERROR - Binance API Exception: APIError(code=-2015): Invalid API-key, IP, or permissions for action
2025-10-01 22:58:40,107 - INFO - Bot initialized. Testnet=True
2025-10-01 22:58:53,128 - ERROR - Binance API Exception: APIError(code=-2015): Invalid API-key, IP, or permissions for action
2025-10-01 23:03:03,509 - INFO - Bot initialized. Testnet=True
2025-10-01 23:03:20,881 - ERROR - Binance API Exception: APIError(code=-2015): Invalid API-key, IP, or permissions for action
2025-10-01 23:11:06,030 - INFO - Bot initialized. Testnet=True
2025-10-01 23:11:17,280 - ERROR - Binance API Exception: APIError(code=-2015): Invalid API-key, IP, or permissions for action
2025-10-01 23:15:34,453 - INFO - Bot initialized. Testnet=True
2025-10-01 23:15:49,751 - ERROR - Binance API Exception: APIError(code=-2015): Invalid API-key, IP, or permissions for action
2025-10-01 23:17:22,858 - INFO - Bot initialized. Testnet=True
2025-10-01 23:17:34,643 - ERROR - Binance API Exception: APIError(code=-2015): Invalid API-key, IP, or permissions for action
2025-10-01 23:22:25,070 - INFO - Bot initialized. Testnet=True
2025-10-01 23:22:51,377 - INFO - Bot initialized. Testnet=True
2025-10-01 23:23:05,351 - ERROR - Binance API Exception: APIError(code=-2015): Invalid API-key, IP, or permissions for action
2025-10-01 23:30:01,389 - INFO - Bot initialized. Testnet=True
2025-10-01 23:30:28,975 - ERROR - Binance API Exception: APIError(code=-2015): Invalid API-key, IP, or permissions for action
2025-10-01 23:30:44,923 - INFO - Bot initialized. Testnet=True
2025-10-01 23:30:57,305 - ERROR - Binance API Exception: APIError(code=-2015): Invalid API-key, IP, or permissions for action
2025-10-01 23:31:36,780 - INFO - Bot initialized. Testnet=True
2025-10-02 00:16:23,466 - INFO - Bot initialized. Testnet=True
2025-10-02 00:16:50,585 - ERROR - Binance API Exception: APIError(code=-2015): Invalid API-key, IP, or permissions for action
2025-10-02 00:23:45,988 - INFO - Bot initialized. Testnet=True
2025-10-02 00:24:28,147 - INFO - Bot initialized. Testnet=True
2025-10-02 00:25:21,952 - ERROR - Binance API Exception: APIError(code=-4013): Price less than min price.
2025-10-02 00:26:07,914 - ERROR - Binance API Exception: APIError(code=-4013): Price less than min price.
2025-10-02 00:28:41,428 - ERROR - Binance API Exception: APIError(code=-4164): Order's notional must be no smaller than 100 (unless you choose reduce only).
2025-10-02 00:29:36,302 - ERROR - Binance API Exception: APIError(code=-2019): Margin is insufficient.
2025-10-02 00:30:32,621 - ERROR - Binance API Exception: APIError(code=-4164): Order's notional must be no smaller than 100 (unless you choose reduce only).
2025-10-02 00:31:45,900 - ERROR - Binance API Exception: APIError(code=-2019): Margin is insufficient.
2025-10-02 00:34:04,407 - INFO - Bot initialized. Testnet=True
2025-10-02 00:44:09,386 - INFO - Bot initialized. Testnet=True
